[INFO] Scanning for projects...
[INFO]                                                                         
[INFO] ------------------------------------------------------------------------
[INFO] Building user-service 0.0.1-SNAPSHOT
[INFO] ------------------------------------------------------------------------
[INFO] 
[INFO] --- maven-dependency-plugin:2.1:tree (default-cli) @ user-service ---
[INFO] com.healthmedia:user-service:war:0.0.1-SNAPSHOT
[INFO] +- com.healthmedia:user-artifacts:jar:0.0.1-SNAPSHOT:compile
[INFO] |  \- com.healthmedia:schema:jar:0.0.1-SNAPSHOT:compile
[INFO] +- org.apache.commons:commons-lang3:jar:3.3.2:compile
[INFO] +- log4j:log4j:jar:1.2.17:compile
[INFO] +- org.apache.cxf:cxf-rt-frontend-jaxws:jar:2.7.11:compile
[INFO] |  +- xml-resolver:xml-resolver:jar:1.2:compile
[INFO] |  +- asm:asm:jar:3.3.1:compile
[INFO] |  +- org.apache.cxf:cxf-api:jar:2.7.11:compile
[INFO] |  |  +- org.codehaus.woodstox:woodstox-core-asl:jar:4.2.1:compile
[INFO] |  |  |  \- org.codehaus.woodstox:stax2-api:jar:3.1.4:compile
[INFO] |  |  +- org.apache.ws.xmlschema:xmlschema-core:jar:2.1.0:compile
[INFO] |  |  +- org.apache.geronimo.specs:geronimo-javamail_1.4_spec:jar:1.7.1:compile
[INFO] |  |  \- wsdl4j:wsdl4j:jar:1.6.3:compile
[INFO] |  +- org.apache.cxf:cxf-rt-core:jar:2.7.11:compile
[INFO] |  |  \- com.sun.xml.bind:jaxb-impl:jar:2.2.7:runtime (version managed from 2.2.6; scope managed from compile)
[INFO] |  |     +- com.sun.xml.bind:jaxb-core:jar:2.2.7:runtime
[INFO] |  |     |  \- com.sun.istack:istack-commons-runtime:jar:2.16:runtime
[INFO] |  |     \- com.sun.xml.fastinfoset:FastInfoset:jar:1.2.12:runtime
[INFO] |  +- org.apache.cxf:cxf-rt-bindings-xml:jar:2.7.11:compile
[INFO] |  +- org.apache.cxf:cxf-rt-frontend-simple:jar:2.7.11:compile
[INFO] |  +- org.apache.cxf:cxf-rt-transports-http:jar:2.7.11:compile
[INFO] |  \- org.apache.cxf:cxf-rt-ws-addr:jar:2.7.11:compile
[INFO] +- org.apache.cxf:cxf-rt-bindings-soap:jar:2.7.11:compile
[INFO] |  \- org.apache.cxf:cxf-rt-databinding-jaxb:jar:2.7.11:compile
[INFO] +- org.apache.cxf:cxf-rt-rs-extension-providers:jar:2.7.11:compile
[INFO] |  \- org.apache.cxf:cxf-rt-frontend-jaxrs:jar:2.7.11:compile
[INFO] |     \- javax.ws.rs:javax.ws.rs-api:jar:2.0-m10:compile
[INFO] +- org.apache.cxf:cxf-rt-ws-security:jar:2.7.11:compile
[INFO] |  +- net.sf.ehcache:ehcache-core:jar:2.5.1:compile
[INFO] |  |  \- org.slf4j:slf4j-api:jar:1.7.7:compile (version managed from 1.6.1)
[INFO] |  +- org.apache.ws.security:wss4j:jar:1.6.15:compile
[INFO] |  |  \- org.apache.santuario:xmlsec:jar:1.5.6:compile
[INFO] |  +- org.opensaml:opensaml:jar:2.6.1:compile
[INFO] |  |  +- org.opensaml:openws:jar:1.5.1:compile
[INFO] |  |  |  \- org.opensaml:xmltooling:jar:1.4.1:compile
[INFO] |  |  \- xalan:serializer:jar:2.7.1:runtime
[INFO] |  \- commons-logging:commons-logging:jar:1.1.1:compile
[INFO] +- org.apache.cxf:cxf-rt-ws-policy:jar:2.7.11:compile
[INFO] |  \- org.apache.neethi:neethi:jar:3.0.3:compile
[INFO] +- org.springframework:spring-beans:jar:4.0.5.RELEASE:compile
[INFO] +- org.springframework:spring-context:jar:4.0.5.RELEASE:compile
[INFO] |  +- org.springframework:spring-aop:jar:4.0.5.RELEASE:compile
[INFO] |  |  \- aopalliance:aopalliance:jar:1.0:compile
[INFO] |  \- org.springframework:spring-expression:jar:4.0.5.RELEASE:compile
[INFO] +- org.springframework:spring-core:jar:4.0.5.RELEASE:compile
[INFO] +- org.springframework:spring-web:jar:4.0.5.RELEASE:compile
[INFO] +- asm:asm-commons:jar:3.3.1:compile
[INFO] |  \- asm:asm-tree:jar:3.3.1:compile
[INFO] \- joda-time:joda-time:jar:2.3:compile
[INFO] ------------------------------------------------------------------------
[INFO] BUILD SUCCESS
[INFO] ------------------------------------------------------------------------
[INFO] Total time: 4.865s
[INFO] Finished at: Fri Jul 04 11:50:54 PDT 2014
[INFO] Final Memory: 14M/267M
[INFO] ------------------------------------------------------------------------
